<?xml version="1.0" encoding="UTF-8"?>
<testsuite xmlns:xsi="http://www.w3.org/2001/XMLSchema-instance" xsi:noNamespaceSchemaLocation="https://maven.apache.org/surefire/maven-surefire-plugin/xsd/surefire-test-report-3.0.xsd" version="3.0" name="com.example.teknikservis.selenium.Senaryo3SeleniumTest" time="1.262" tests="1" errors="0" skipped="0" failures="0">
  <properties>
[...]
</properties>
  <testcase name="h2_console_aciliyor_mu" classname="com.example.teknikservis.selenium.Senaryo3SeleniumTest" time="1.234">
    <system-out><![CDATA[12:44:58.929 [main] INFO io.github.bonigarcia.wdm.WebDriverManager -- Using chromedriver 143.0.7499.169 (resolved driver for Chrome 143)
12:44:58.934 [main] INFO io.github.bonigarcia.wdm.WebDriverManager -- Exporting webdriver.chrome.driver as C:\Users\Dogan\.cache\selenium\chromedriver\win64\143.0.7499.169\chromedriver.exe
]]></system-out>
    <system-err><![CDATA[Ara 23, 2025 12:44:59 ÖS org.openqa.selenium.devtools.CdpVersionFinder findNearestMatch
WARNING: Unable to find CDP implementation matching 143
Ara 23, 2025 12:44:59 ÖS org.openqa.selenium.chromium.ChromiumDriver lambda$new$5
WARNING: Unable to find version of CDP to use for 143.0.7499.147. You may need to include a dependency on a specific version of the CDP using something similar to `org.seleniumhq.selenium:selenium-devtools-v86:4.19.1` where the version ("v86") matches the version of the chromium-based browser you're using and the version number of the artifact is the same as Selenium's.
]]></system-err>
  </testcase>
</testsuite>